<component name="libraryTable">
  <library name="junit:junit:Release" type="repository">
    <properties maven-id="junit:junit:RELEASE" />
    <CLASSES>
      <root url="jar://$MAVEN_REPOSITORY$/junit/junit/4.12/junit-4.12.jar!/" />
      <root url="jar://$MAVEN_REPOSITORY$/org/hamcrest/hamcrest-core/1.3/hamcrest-core-1.3.jar!/" />
      <root url="jar://$MAVEN_REPOSITORY$/junit/junit/4.12/junit-4.12.jar!/" />
      <root url="jar://$MAVEN_REPOSITORY$/org/hamcrest/hamcrest-core/1.3/hamcrest-core-1.3.jar!/" />
      <root url="jar://$MAVEN_REPOSITORY$/junit/junit/4.12/junit-4.12.jar!/" />
      <root url="jar://$MAVEN_REPOSITORY$/org/hamcrest/hamcrest-core/1.3/hamcrest-core-1.3.jar!/" />
      <root url="jar://$MAVEN_REPOSITORY$/junit/junit/4.12/junit-4.12.jar!/" />
      <root url="jar://$MAVEN_REPOSITORY$/org/hamcrest/hamcrest-core/1.3/hamcrest-core-1.3.jar!/" />
      <root url="jar://$MAVEN_REPOSITORY$/junit/junit/4.12/junit-4.12.jar!/" />
      <root url="jar://$MAVEN_REPOSITORY$/org/hamcrest/hamcrest-core/1.3/hamcrest-core-1.3.jar!/" />
      <root url="jar://$MAVEN_REPOSITORY$/junit/junit/4.12/junit-4.12.jar!/" />
      <root url="jar://$MAVEN_REPOSITORY$/org/hamcrest/hamcrest-core/1.3/hamcrest-core-1.3.jar!/" />
      <root url="jar://$MAVEN_REPOSITORY$/junit/junit/4.12/junit-4.12.jar!/" />
      <root url="jar://$MAVEN_REPOSITORY$/org/hamcrest/hamcrest-core/1.3/hamcrest-core-1.3.jar!/" />
      <root url="jar://$MAVEN_REPOSITORY$/junit/junit/4.12/junit-4.12.jar!/" />
      <root url="jar://$MAVEN_REPOSITORY$/org/hamcrest/hamcrest-core/1.3/hamcrest-core-1.3.jar!/" />
      <root url="jar://$MAVEN_REPOSITORY$/junit/junit/4.12/junit-4.12.jar!/" />
      <root url="jar://$MAVEN_REPOSITORY$/org/hamcrest/hamcrest-core/1.3/hamcrest-core-1.3.jar!/" />
      <root url="jar://$MAVEN_REPOSITORY$/junit/junit/4.12/junit-4.12.jar!/" />
      <root url="jar://$MAVEN_REPOSITORY$/org/hamcrest/hamcrest-core/1.3/hamcrest-core-1.3.jar!/" />
      <root url="jar://$MAVEN_REPOSITORY$/junit/junit/4.12/junit-4.12.jar!/" />
      <root url="jar://$MAVEN_REPOSITORY$/org/hamcrest/hamcrest-core/1.3/hamcrest-core-1.3.jar!/" />
      <root url="jar://$MAVEN_REPOSITORY$/junit/junit/4.12/junit-4.12.jar!/" />
      <root url="jar://$MAVEN_REPOSITORY$/org/hamcrest/hamcrest-core/1.3/hamcrest-core-1.3.jar!/" />
      <root url="jar://$MAVEN_REPOSITORY$/junit/junit/4.12/junit-4.12.jar!/" />
      <root url="jar://$MAVEN_REPOSITORY$/org/hamcrest/hamcrest-core/1.3/hamcrest-core-1.3.jar!/" />
      <root url="jar://$MAVEN_REPOSITORY$/junit/junit/4.12/junit-4.12.jar!/" />
      <root url="jar://$MAVEN_REPOSITORY$/org/hamcrest/hamcrest-core/1.3/hamcrest-core-1.3.jar!/" />
      <root url="jar://$MAVEN_REPOSITORY$/junit/junit/4.12/junit-4.12.jar!/" />
      <root url="jar://$MAVEN_REPOSITORY$/org/hamcrest/hamcrest-core/1.3/hamcrest-core-1.3.jar!/" />
      <root url="jar://$MAVEN_REPOSITORY$/junit/junit/4.12/junit-4.12.jar!/" />
      <root url="jar://$MAVEN_REPOSITORY$/org/hamcrest/hamcrest-core/1.3/hamcrest-core-1.3.jar!/" />
      <root url="jar://$MAVEN_REPOSITORY$/junit/junit/4.12/junit-4.12.jar!/" />
      <root url="jar://$MAVEN_REPOSITORY$/org/hamcrest/hamcrest-core/1.3/hamcrest-core-1.3.jar!/" />
      <root url="jar://$MAVEN_REPOSITORY$/junit/junit/4.12/junit-4.12.jar!/" />
      <root url="jar://$MAVEN_REPOSITORY$/org/hamcrest/hamcrest-core/1.3/hamcrest-core-1.3.jar!/" />
      <root url="jar://$MAVEN_REPOSITORY$/junit/junit/4.12/junit-4.12.jar!/" />
      <root url="jar://$MAVEN_REPOSITORY$/org/hamcrest/hamcrest-core/1.3/hamcrest-core-1.3.jar!/" />
      <root url="jar://$MAVEN_REPOSITORY$/junit/junit/4.12/junit-4.12.jar!/" />
      <root url="jar://$MAVEN_REPOSITORY$/org/hamcrest/hamcrest-core/1.3/hamcrest-core-1.3.jar!/" />
      <root url="jar://$MAVEN_REPOSITORY$/junit/junit/4.12/junit-4.12.jar!/" />
      <root url="jar://$MAVEN_REPOSITORY$/org/hamcrest/hamcrest-core/1.3/hamcrest-core-1.3.jar!/" />
      <root url="jar://$MAVEN_REPOSITORY$/junit/junit/4.12/junit-4.12.jar!/" />
      <root url="jar://$MAVEN_REPOSITORY$/org/hamcrest/hamcrest-core/1.3/hamcrest-core-1.3.jar!/" />
      <root url="jar://$MAVEN_REPOSITORY$/junit/junit/4.12/junit-4.12.jar!/" />
      <root url="jar://$MAVEN_REPOSITORY$/org/hamcrest/hamcrest-core/1.3/hamcrest-core-1.3.jar!/" />
      <root url="jar://$MAVEN_REPOSITORY$/junit/junit/4.12/junit-4.12.jar!/" />
      <root url="jar://$MAVEN_REPOSITORY$/org/hamcrest/hamcrest-core/1.3/hamcrest-core-1.3.jar!/" />
      <root url="jar://$MAVEN_REPOSITORY$/junit/junit/4.12/junit-4.12.jar!/" />
      <root url="jar://$MAVEN_REPOSITORY$/org/hamcrest/hamcrest-core/1.3/hamcrest-core-1.3.jar!/" />
      <root url="jar://$MAVEN_REPOSITORY$/junit/junit/4.12/junit-4.12.jar!/" />
      <root url="jar://$MAVEN_REPOSITORY$/org/hamcrest/hamcrest-core/1.3/hamcrest-core-1.3.jar!/" />
      <root url="jar://$MAVEN_REPOSITORY$/junit/junit/4.12/junit-4.12.jar!/" />
      <root url="jar://$MAVEN_REPOSITORY$/org/hamcrest/hamcrest-core/1.3/hamcrest-core-1.3.jar!/" />
      <root url="jar://$MAVEN_REPOSITORY$/junit/junit/4.12/junit-4.12.jar!/" />
      <root url="jar://$MAVEN_REPOSITORY$/org/hamcrest/hamcrest-core/1.3/hamcrest-core-1.3.jar!/" />
      <root url="jar://$MAVEN_REPOSITORY$/junit/junit/4.12/junit-4.12.jar!/" />
      <root url="jar://$MAVEN_REPOSITORY$/org/hamcrest/hamcrest-core/1.3/hamcrest-core-1.3.jar!/" />
      <root url="jar://$MAVEN_REPOSITORY$/junit/junit/4.12/junit-4.12.jar!/" />
      <root url="jar://$MAVEN_REPOSITORY$/org/hamcrest/hamcrest-core/1.3/hamcrest-core-1.3.jar!/" />
      <root url="jar://$MAVEN_REPOSITORY$/junit/junit/4.12/junit-4.12.jar!/" />
      <root url="jar://$MAVEN_REPOSITORY$/org/hamcrest/hamcrest-core/1.3/hamcrest-core-1.3.jar!/" />
      <root url="jar://$MAVEN_REPOSITORY$/junit/junit/4.12/junit-4.12.jar!/" />
      <root url="jar://$MAVEN_REPOSITORY$/org/hamcrest/hamcrest-core/1.3/hamcrest-core-1.3.jar!/" />
      <root url="jar://$MAVEN_REPOSITORY$/junit/junit/4.12/junit-4.12.jar!/" />
      <root url="jar://$MAVEN_REPOSITORY$/org/hamcrest/hamcrest-core/1.3/hamcrest-core-1.3.jar!/" />
      <root url="jar://$MAVEN_REPOSITORY$/junit/junit/4.12/junit-4.12.jar!/" />
      <root url="jar://$MAVEN_REPOSITORY$/org/hamcrest/hamcrest-core/1.3/hamcrest-core-1.3.jar!/" />
      <root url="jar://$MAVEN_REPOSITORY$/junit/junit/4.12/junit-4.12.jar!/" />
      <root url="jar://$MAVEN_REPOSITORY$/org/hamcrest/hamcrest-core/1.3/hamcrest-core-1.3.jar!/" />
      <root url="jar://$MAVEN_REPOSITORY$/junit/junit/4.12/junit-4.12.jar!/" />
      <root url="jar://$MAVEN_REPOSITORY$/org/hamcrest/hamcrest-core/1.3/hamcrest-core-1.3.jar!/" />
      <root url="jar://$MAVEN_REPOSITORY$/junit/junit/4.12/junit-4.12.jar!/" />
      <root url="jar://$MAVEN_REPOSITORY$/org/hamcrest/hamcrest-core/1.3/hamcrest-core-1.3.jar!/" />
      <root url="jar://$MAVEN_REPOSITORY$/junit/junit/4.12/junit-4.12.jar!/" />
      <root url="jar://$MAVEN_REPOSITORY$/org/hamcrest/hamcrest-core/1.3/hamcrest-core-1.3.jar!/" />
      <root url="jar://$MAVEN_REPOSITORY$/junit/junit/4.12/junit-4.12.jar!/" />
      <root url="jar://$MAVEN_REPOSITORY$/org/hamcrest/hamcrest-core/1.3/hamcrest-core-1.3.jar!/" />
      <root url="jar://$MAVEN_REPOSITORY$/junit/junit/4.12/junit-4.12.jar!/" />
      <root url="jar://$MAVEN_REPOSITORY$/org/hamcrest/hamcrest-core/1.3/hamcrest-core-1.3.jar!/" />
      <root url="jar://$MAVEN_REPOSITORY$/junit/junit/4.12/junit-4.12.jar!/" />
      <root url="jar://$MAVEN_REPOSITORY$/org/hamcrest/hamcrest-core/1.3/hamcrest-core-1.3.jar!/" />
      <root url="jar://$MAVEN_REPOSITORY$/junit/junit/4.12/junit-4.12.jar!/" />
      <root url="jar://$MAVEN_REPOSITORY$/org/hamcrest/hamcrest-core/1.3/hamcrest-core-1.3.jar!/" />
      <root url="jar://$MAVEN_REPOSITORY$/junit/junit/4.12/junit-4.12.jar!/" />
      <root url="jar://$MAVEN_REPOSITORY$/org/hamcrest/hamcrest-core/1.3/hamcrest-core-1.3.jar!/" />
      <root url="jar://$MAVEN_REPOSITORY$/junit/junit/4.12/junit-4.12.jar!/" />
      <root url="jar://$MAVEN_REPOSITORY$/org/hamcrest/hamcrest-core/1.3/hamcrest-core-1.3.jar!/" />
      <root url="jar://$MAVEN_REPOSITORY$/junit/junit/4.12/junit-4.12.jar!/" />
      <root url="jar://$MAVEN_REPOSITORY$/org/hamcrest/hamcrest-core/1.3/hamcrest-core-1.3.jar!/" />
      <root url="jar://$MAVEN_REPOSITORY$/junit/junit/4.12/junit-4.12.jar!/" />
      <root url="jar://$MAVEN_REPOSITORY$/org/hamcrest/hamcrest-core/1.3/hamcrest-core-1.3.jar!/" />
      <root url="jar://$MAVEN_REPOSITORY$/junit/junit/4.12/junit-4.12.jar!/" />
      <root url="jar://$MAVEN_REPOSITORY$/org/hamcrest/hamcrest-core/1.3/hamcrest-core-1.3.jar!/" />
      <root url="jar://$MAVEN_REPOSITORY$/junit/junit/4.12/junit-4.12.jar!/" />
      <root url="jar://$MAVEN_REPOSITORY$/org/hamcrest/hamcrest-core/1.3/hamcrest-core-1.3.jar!/" />
      <root url="jar://$MAVEN_REPOSITORY$/junit/junit/4.12/junit-4.12.jar!/" />
      <root url="jar://$MAVEN_REPOSITORY$/org/hamcrest/hamcrest-core/1.3/hamcrest-core-1.3.jar!/" />
      <root url="jar://$MAVEN_REPOSITORY$/junit/junit/4.12/junit-4.12.jar!/" />
      <root url="jar://$MAVEN_REPOSITORY$/org/hamcrest/hamcrest-core/1.3/hamcrest-core-1.3.jar!/" />
      <root url="jar://$MAVEN_REPOSITORY$/junit/junit/4.12/junit-4.12.jar!/" />
      <root url="jar://$MAVEN_REPOSITORY$/org/hamcrest/hamcrest-core/1.3/hamcrest-core-1.3.jar!/" />
    </CLASSES>
    <JAVADOC>
      <root url="jar://$MAVEN_REPOSITORY$/junit/junit/4.12/junit-4.12-javadoc.jar!/" />
      <root url="jar://$MAVEN_REPOSITORY$/junit/junit/4.12/junit-4.12-javadoc.jar!/" />
      <root url="jar://$MAVEN_REPOSITORY$/junit/junit/4.12/junit-4.12-javadoc.jar!/" />
      <root url="jar://$MAVEN_REPOSITORY$/junit/junit/4.12/junit-4.12-javadoc.jar!/" />
      <root url="jar://$MAVEN_REPOSITORY$/junit/junit/4.12/junit-4.12-javadoc.jar!/" />
      <root url="jar://$MAVEN_REPOSITORY$/junit/junit/4.12/junit-4.12-javadoc.jar!/" />
      <root url="jar://$MAVEN_REPOSITORY$/junit/junit/4.12/junit-4.12-javadoc.jar!/" />
      <root url="jar://$MAVEN_REPOSITORY$/junit/junit/4.12/junit-4.12-javadoc.jar!/" />
      <root url="jar://$MAVEN_REPOSITORY$/junit/junit/4.12/junit-4.12-javadoc.jar!/" />
      <root url="jar://$MAVEN_REPOSITORY$/junit/junit/4.12/junit-4.12-javadoc.jar!/" />
      <root url="jar://$MAVEN_REPOSITORY$/junit/junit/4.12/junit-4.12-javadoc.jar!/" />
      <root url="jar://$MAVEN_REPOSITORY$/junit/junit/4.12/junit-4.12-javadoc.jar!/" />
      <root url="jar://$MAVEN_REPOSITORY$/junit/junit/4.12/junit-4.12-javadoc.jar!/" />
      <root url="jar://$MAVEN_REPOSITORY$/junit/junit/4.12/junit-4.12-javadoc.jar!/" />
      <root url="jar://$MAVEN_REPOSITORY$/junit/junit/4.12/junit-4.12-javadoc.jar!/" />
      <root url="jar://$MAVEN_REPOSITORY$/junit/junit/4.12/junit-4.12-javadoc.jar!/" />
      <root url="jar://$MAVEN_REPOSITORY$/junit/junit/4.12/junit-4.12-javadoc.jar!/" />
      <root url="jar://$MAVEN_REPOSITORY$/junit/junit/4.12/junit-4.12-javadoc.jar!/" />
      <root url="jar://$MAVEN_REPOSITORY$/junit/junit/4.12/junit-4.12-javadoc.jar!/" />
      <root url="jar://$MAVEN_REPOSITORY$/junit/junit/4.12/junit-4.12-javadoc.jar!/" />
      <root url="jar://$MAVEN_REPOSITORY$/junit/junit/4.12/junit-4.12-javadoc.jar!/" />
      <root url="jar://$MAVEN_REPOSITORY$/junit/junit/4.12/junit-4.12-javadoc.jar!/" />
      <root url="jar://$MAVEN_REPOSITORY$/junit/junit/4.12/junit-4.12-javadoc.jar!/" />
      <root url="jar://$MAVEN_REPOSITORY$/junit/junit/4.12/junit-4.12-javadoc.jar!/" />
      <root url="jar://$MAVEN_REPOSITORY$/junit/junit/4.12/junit-4.12-javadoc.jar!/" />
      <root url="jar://$MAVEN_REPOSITORY$/junit/junit/4.12/junit-4.12-javadoc.jar!/" />
      <root url="jar://$MAVEN_REPOSITORY$/junit/junit/4.12/junit-4.12-javadoc.jar!/" />
      <root url="jar://$MAVEN_REPOSITORY$/junit/junit/4.12/junit-4.12-javadoc.jar!/" />
      <root url="jar://$MAVEN_REPOSITORY$/junit/junit/4.12/junit-4.12-javadoc.jar!/" />
      <root url="jar://$MAVEN_REPOSITORY$/junit/junit/4.12/junit-4.12-javadoc.jar!/" />
      <root url="jar://$MAVEN_REPOSITORY$/junit/junit/4.12/junit-4.12-javadoc.jar!/" />
      <root url="jar://$MAVEN_REPOSITORY$/junit/junit/4.12/junit-4.12-javadoc.jar!/" />
      <root url="jar://$MAVEN_REPOSITORY$/junit/junit/4.12/junit-4.12-javadoc.jar!/" />
      <root url="jar://$MAVEN_REPOSITORY$/junit/junit/4.12/junit-4.12-javadoc.jar!/" />
      <root url="jar://$MAVEN_REPOSITORY$/junit/junit/4.12/junit-4.12-javadoc.jar!/" />
      <root url="jar://$MAVEN_REPOSITORY$/junit/junit/4.12/junit-4.12-javadoc.jar!/" />
      <root url="jar://$MAVEN_REPOSITORY$/junit/junit/4.12/junit-4.12-javadoc.jar!/" />
      <root url="jar://$MAVEN_REPOSITORY$/junit/junit/4.12/junit-4.12-javadoc.jar!/" />
      <root url="jar://$MAVEN_REPOSITORY$/junit/junit/4.12/junit-4.12-javadoc.jar!/" />
      <root url="jar://$MAVEN_REPOSITORY$/junit/junit/4.12/junit-4.12-javadoc.jar!/" />
      <root url="jar://$MAVEN_REPOSITORY$/junit/junit/4.12/junit-4.12-javadoc.jar!/" />
      <root url="jar://$MAVEN_REPOSITORY$/junit/junit/4.12/junit-4.12-javadoc.jar!/" />
      <root url="jar://$MAVEN_REPOSITORY$/junit/junit/4.12/junit-4.12-javadoc.jar!/" />
      <root url="jar://$MAVEN_REPOSITORY$/junit/junit/4.12/junit-4.12-javadoc.jar!/" />
      <root url="jar://$MAVEN_REPOSITORY$/junit/junit/4.12/junit-4.12-javadoc.jar!/" />
      <root url="jar://$MAVEN_REPOSITORY$/junit/junit/4.12/junit-4.12-javadoc.jar!/" />
      <root url="jar://$MAVEN_REPOSITORY$/junit/junit/4.12/junit-4.12-javadoc.jar!/" />
      <root url="jar://$MAVEN_REPOSITORY$/junit/junit/4.12/junit-4.12-javadoc.jar!/" />
      <root url="jar://$MAVEN_REPOSITORY$/junit/junit/4.12/junit-4.12-javadoc.jar!/" />
      <root url="jar://$MAVEN_REPOSITORY$/junit/junit/4.12/junit-4.12-javadoc.jar!/" />
      <root url="jar://$MAVEN_REPOSITORY$/junit/junit/4.12/junit-4.12-javadoc.jar!/" />
    </JAVADOC>
    <SOURCES />
  </library>
</component>